{"C:\\Users\\johna\\Desktop\\Pictures\\CAPSTONEPROJECT\\SSDFLOODSENSEFLOODPREDICTION\\frontend\\src\\components\\Icons.tsx": {"path":"C:\\Users\\johna\\Desktop\\Pictures\\CAPSTONEPROJECT\\SSDFLOODSENSEFLOODPREDICTION\\frontend\\src\\components\\Icons.tsx","statementMap":{"0":{"start":{"line":3,"column":24},"end":{"line":6,"column":null}},"1":{"start":{"line":4,"column":2},"end":{"line":5,"column":null}},"2":{"start":{"line":3,"column":13},"end":{"line":3,"column":24}},"3":{"start":{"line":9,"column":24},"end":{"line":12,"column":null}},"4":{"start":{"line":10,"column":2},"end":{"line":11,"column":null}},"5":{"start":{"line":9,"column":13},"end":{"line":9,"column":24}},"6":{"start":{"line":15,"column":26},"end":{"line":18,"column":null}},"7":{"start":{"line":16,"column":2},"end":{"line":17,"column":null}},"8":{"start":{"line":15,"column":13},"end":{"line":15,"column":26}},"9":{"start":{"line":21,"column":23},"end":{"line":24,"column":null}},"10":{"start":{"line":22,"column":2},"end":{"line":23,"column":null}},"11":{"start":{"line":21,"column":13},"end":{"line":21,"column":23}},"12":{"start":{"line":27,"column":25},"end":{"line":30,"column":null}},"13":{"start":{"line":28,"column":2},"end":{"line":29,"column":null}},"14":{"start":{"line":27,"column":13},"end":{"line":27,"column":25}},"15":{"start":{"line":33,"column":28},"end":{"line":36,"column":null}},"16":{"start":{"line":34,"column":2},"end":{"line":35,"column":null}},"17":{"start":{"line":33,"column":13},"end":{"line":33,"column":28}},"18":{"start":{"line":39,"column":24},"end":{"line":42,"column":null}},"19":{"start":{"line":40,"column":2},"end":{"line":41,"column":null}},"20":{"start":{"line":39,"column":13},"end":{"line":39,"column":24}},"21":{"start":{"line":45,"column":23},"end":{"line":48,"column":null}},"22":{"start":{"line":46,"column":2},"end":{"line":47,"column":null}},"23":{"start":{"line":45,"column":13},"end":{"line":45,"column":23}},"24":{"start":{"line":51,"column":25},"end":{"line":54,"column":null}},"25":{"start":{"line":52,"column":2},"end":{"line":53,"column":null}},"26":{"start":{"line":51,"column":13},"end":{"line":51,"column":25}},"27":{"start":{"line":57,"column":24},"end":{"line":60,"column":null}},"28":{"start":{"line":58,"column":2},"end":{"line":59,"column":null}},"29":{"start":{"line":57,"column":13},"end":{"line":57,"column":24}},"30":{"start":{"line":63,"column":26},"end":{"line":66,"column":null}},"31":{"start":{"line":64,"column":2},"end":{"line":65,"column":null}},"32":{"start":{"line":63,"column":13},"end":{"line":63,"column":26}},"33":{"start":{"line":69,"column":31},"end":{"line":70,"column":null}},"34":{"start":{"line":70,"column":2},"end":{"line":70,"column":175}},"35":{"start":{"line":69,"column":13},"end":{"line":69,"column":31}},"36":{"start":{"line":73,"column":32},"end":{"line":74,"column":null}},"37":{"start":{"line":74,"column":2},"end":{"line":74,"column":175}},"38":{"start":{"line":73,"column":13},"end":{"line":73,"column":32}}},"fnMap":{"0":{"name":"(anonymous_0)","decl":{"start":{"line":3,"column":24},"end":{"line":3,"column":25}},"loc":{"start":{"line":4,"column":2},"end":{"line":5,"column":null}}},"1":{"name":"(anonymous_1)","decl":{"start":{"line":9,"column":24},"end":{"line":9,"column":25}},"loc":{"start":{"line":10,"column":2},"end":{"line":11,"column":null}}},"2":{"name":"(anonymous_2)","decl":{"start":{"line":15,"column":26},"end":{"line":15,"column":27}},"loc":{"start":{"line":16,"column":2},"end":{"line":17,"column":null}}},"3":{"name":"(anonymous_3)","decl":{"start":{"line":21,"column":23},"end":{"line":21,"column":24}},"loc":{"start":{"line":22,"column":2},"end":{"line":23,"column":null}}},"4":{"name":"(anonymous_4)","decl":{"start":{"line":27,"column":25},"end":{"line":27,"column":26}},"loc":{"start":{"line":28,"column":2},"end":{"line":29,"column":null}}},"5":{"name":"(anonymous_5)","decl":{"start":{"line":33,"column":28},"end":{"line":33,"column":29}},"loc":{"start":{"line":34,"column":2},"end":{"line":35,"column":null}}},"6":{"name":"(anonymous_6)","decl":{"start":{"line":39,"column":24},"end":{"line":39,"column":25}},"loc":{"start":{"line":40,"column":2},"end":{"line":41,"column":null}}},"7":{"name":"(anonymous_7)","decl":{"start":{"line":45,"column":23},"end":{"line":45,"column":24}},"loc":{"start":{"line":46,"column":2},"end":{"line":47,"column":null}}},"8":{"name":"(anonymous_8)","decl":{"start":{"line":51,"column":25},"end":{"line":51,"column":26}},"loc":{"start":{"line":52,"column":2},"end":{"line":53,"column":null}}},"9":{"name":"(anonymous_9)","decl":{"start":{"line":57,"column":24},"end":{"line":57,"column":25}},"loc":{"start":{"line":58,"column":2},"end":{"line":59,"column":null}}},"10":{"name":"(anonymous_10)","decl":{"start":{"line":63,"column":26},"end":{"line":63,"column":27}},"loc":{"start":{"line":64,"column":2},"end":{"line":65,"column":null}}},"11":{"name":"(anonymous_11)","decl":{"start":{"line":69,"column":31},"end":{"line":69,"column":32}},"loc":{"start":{"line":70,"column":2},"end":{"line":70,"column":175}}},"12":{"name":"(anonymous_12)","decl":{"start":{"line":73,"column":32},"end":{"line":73,"column":33}},"loc":{"start":{"line":74,"column":2},"end":{"line":74,"column":175}}}},"branchMap":{"0":{"loc":{"start":{"line":3,"column":27},"end":{"line":3,"column":48}},"type":"default-arg","locations":[{"start":{"line":3,"column":39},"end":{"line":3,"column":48}}]},"1":{"loc":{"start":{"line":9,"column":27},"end":{"line":9,"column":48}},"type":"default-arg","locations":[{"start":{"line":9,"column":39},"end":{"line":9,"column":48}}]},"2":{"loc":{"start":{"line":15,"column":29},"end":{"line":15,"column":50}},"type":"default-arg","locations":[{"start":{"line":15,"column":41},"end":{"line":15,"column":50}}]},"3":{"loc":{"start":{"line":21,"column":26},"end":{"line":21,"column":47}},"type":"default-arg","locations":[{"start":{"line":21,"column":38},"end":{"line":21,"column":47}}]},"4":{"loc":{"start":{"line":27,"column":28},"end":{"line":27,"column":49}},"type":"default-arg","locations":[{"start":{"line":27,"column":40},"end":{"line":27,"column":49}}]},"5":{"loc":{"start":{"line":33,"column":31},"end":{"line":33,"column":52}},"type":"default-arg","locations":[{"start":{"line":33,"column":43},"end":{"line":33,"column":52}}]},"6":{"loc":{"start":{"line":39,"column":27},"end":{"line":39,"column":48}},"type":"default-arg","locations":[{"start":{"line":39,"column":39},"end":{"line":39,"column":48}}]},"7":{"loc":{"start":{"line":45,"column":26},"end":{"line":45,"column":47}},"type":"default-arg","locations":[{"start":{"line":45,"column":38},"end":{"line":45,"column":47}}]},"8":{"loc":{"start":{"line":51,"column":28},"end":{"line":51,"column":49}},"type":"default-arg","locations":[{"start":{"line":51,"column":40},"end":{"line":51,"column":49}}]},"9":{"loc":{"start":{"line":57,"column":27},"end":{"line":57,"column":48}},"type":"default-arg","locations":[{"start":{"line":57,"column":39},"end":{"line":57,"column":48}}]},"10":{"loc":{"start":{"line":63,"column":29},"end":{"line":63,"column":50}},"type":"default-arg","locations":[{"start":{"line":63,"column":41},"end":{"line":63,"column":50}}]},"11":{"loc":{"start":{"line":69,"column":34},"end":{"line":69,"column":55}},"type":"default-arg","locations":[{"start":{"line":69,"column":46},"end":{"line":69,"column":55}}]},"12":{"loc":{"start":{"line":73,"column":35},"end":{"line":73,"column":56}},"type":"default-arg","locations":[{"start":{"line":73,"column":47},"end":{"line":73,"column":56}}]}},"s":{"0":2,"1":0,"2":2,"3":2,"4":3,"5":2,"6":2,"7":2,"8":2,"9":2,"10":0,"11":2,"12":2,"13":0,"14":2,"15":2,"16":0,"17":2,"18":2,"19":0,"20":2,"21":2,"22":0,"23":2,"24":2,"25":0,"26":2,"27":2,"28":0,"29":2,"30":2,"31":0,"32":2,"33":2,"34":0,"35":2,"36":2,"37":0,"38":2},"f":{"0":0,"1":3,"2":2,"3":0,"4":0,"5":0,"6":0,"7":0,"8":0,"9":0,"10":0,"11":0,"12":0},"b":{"0":[0],"1":[0],"2":[0],"3":[0],"4":[0],"5":[0],"6":[0],"7":[0],"8":[0],"9":[0],"10":[0],"11":[0],"12":[0]}}
,"C:\\Users\\johna\\Desktop\\Pictures\\CAPSTONEPROJECT\\SSDFLOODSENSEFLOODPREDICTION\\frontend\\src\\components\\LanguageSwitcher.tsx": {"path":"C:\\Users\\johna\\Desktop\\Pictures\\CAPSTONEPROJECT\\SSDFLOODSENSEFLOODPREDICTION\\frontend\\src\\components\\LanguageSwitcher.tsx","statementMap":{"0":{"start":{"line":1,"column":0},"end":{"line":1,"column":40}},"1":{"start":{"line":2,"column":0},"end":{"line":2,"column":54}},"2":{"start":{"line":5,"column":35},"end":{"line":53,"column":1}},"3":{"start":{"line":6,"column":36},"end":{"line":6,"column":49}},"4":{"start":{"line":7,"column":30},"end":{"line":7,"column":45}},"5":{"start":{"line":9,"column":70},"end":{"line":13,"column":4}},"6":{"start":{"line":15,"column":22},"end":{"line":15,"column":78}},"7":{"start":{"line":15,"column":42},"end":{"line":15,"column":61}},"8":{"start":{"line":17,"column":2},"end":{"line":52,"column":4}},"9":{"start":{"line":20,"column":23},"end":{"line":20,"column":41}},"10":{"start":{"line":33,"column":12},"end":{"line":34,"column":null}},"11":{"start":{"line":35,"column":31},"end":{"line":35,"column":54}},"12":{"start":{"line":35,"column":55},"end":{"line":35,"column":72}},"13":{"start":{"line":55,"column":0},"end":{"line":55,"column":32}}},"fnMap":{"0":{"name":"(anonymous_9)","decl":{"start":{"line":5,"column":35},"end":{"line":5,"column":38}},"loc":{"start":{"line":5,"column":40},"end":{"line":53,"column":1}}},"1":{"name":"(anonymous_10)","decl":{"start":{"line":15,"column":37},"end":{"line":15,"column":38}},"loc":{"start":{"line":15,"column":42},"end":{"line":15,"column":61}}},"2":{"name":"(anonymous_11)","decl":{"start":{"line":20,"column":17},"end":{"line":20,"column":20}},"loc":{"start":{"line":20,"column":23},"end":{"line":20,"column":41}}},"3":{"name":"(anonymous_12)","decl":{"start":{"line":32,"column":25},"end":{"line":32,"column":29}},"loc":{"start":{"line":33,"column":12},"end":{"line":34,"column":null}}},"4":{"name":"(anonymous_13)","decl":{"start":{"line":35,"column":23},"end":{"line":35,"column":26}},"loc":{"start":{"line":35,"column":28},"end":{"line":35,"column":74}}}},"branchMap":{"0":{"loc":{"start":{"line":15,"column":22},"end":{"line":15,"column":78}},"type":"binary-expr","locations":[{"start":{"line":15,"column":22},"end":{"line":15,"column":62}},{"start":{"line":15,"column":66},"end":{"line":15,"column":78}}]},"1":{"loc":{"start":{"line":25,"column":56},"end":{"line":25,"column":82}},"type":"cond-expr","locations":[{"start":{"line":25,"column":65},"end":{"line":25,"column":77}},{"start":{"line":25,"column":80},"end":{"line":25,"column":82}}]},"2":{"loc":{"start":{"line":30,"column":7},"end":{"line":49,"column":null}},"type":"binary-expr","locations":[{"start":{"line":30,"column":7},"end":{"line":30,"column":13}},{"start":{"line":31,"column":8},"end":{"line":48,"column":null}}]},"3":{"loc":{"start":{"line":37,"column":16},"end":{"line":37,"column":null}},"type":"cond-expr","locations":[{"start":{"line":37,"column":41},"end":{"line":37,"column":86}},{"start":{"line":37,"column":89},"end":{"line":37,"column":null}}]},"4":{"loc":{"start":{"line":42,"column":15},"end":{"line":45,"column":null}},"type":"binary-expr","locations":[{"start":{"line":42,"column":15},"end":{"line":42,"column":37}},{"start":{"line":43,"column":16},"end":{"line":44,"column":null}}]}},"s":{"0":1,"1":1,"2":1,"3":5,"4":5,"5":5,"6":5,"7":7,"8":5,"9":2,"10":6,"11":1,"12":1,"13":1},"f":{"0":5,"1":7,"2":2,"3":6,"4":1},"b":{"0":[5,0],"1":[2,3],"2":[5,2],"3":[2,4],"4":[6,2]}}
,"C:\\Users\\johna\\Desktop\\Pictures\\CAPSTONEPROJECT\\SSDFLOODSENSEFLOODPREDICTION\\frontend\\src\\components\\NotificationBell.tsx": {"path":"C:\\Users\\johna\\Desktop\\Pictures\\CAPSTONEPROJECT\\SSDFLOODSENSEFLOODPREDICTION\\frontend\\src\\components\\NotificationBell.tsx","statementMap":{"0":{"start":{"line":1,"column":0},"end":{"line":1,"column":51}},"1":{"start":{"line":2,"column":0},"end":{"line":2,"column":35}},"2":{"start":{"line":3,"column":0},"end":{"line":3,"column":45}},"3":{"start":{"line":4,"column":0},"end":{"line":4,"column":55}},"4":{"start":{"line":5,"column":0},"end":{"line":5,"column":36}},"5":{"start":{"line":15,"column":18},"end":{"line":19,"column":1}},"6":{"start":{"line":16,"column":20},"end":{"line":17,"column":59}},"7":{"start":{"line":18,"column":2},"end":{"line":18,"column":26}},"8":{"start":{"line":21,"column":35},"end":{"line":299,"column":1}},"9":{"start":{"line":22,"column":44},"end":{"line":22,"column":63}},"10":{"start":{"line":23,"column":30},"end":{"line":23,"column":45}},"11":{"start":{"line":24,"column":40},"end":{"line":24,"column":51}},"12":{"start":{"line":25,"column":42},"end":{"line":25,"column":140}},"13":{"start":{"line":26,"column":44},"end":{"line":26,"column":80}},"14":{"start":{"line":27,"column":32},"end":{"line":27,"column":46}},"15":{"start":{"line":29,"column":2},"end":{"line":67,"column":21}},"16":{"start":{"line":30,"column":31},"end":{"line":62,"column":5}},"17":{"start":{"line":31,"column":6},"end":{"line":61,"column":7}},"18":{"start":{"line":32,"column":8},"end":{"line":32,"column":25}},"19":{"start":{"line":33,"column":21},"end":{"line":33,"column":55}},"20":{"start":{"line":34,"column":23},"end":{"line":34,"column":40}},"21":{"start":{"line":35,"column":25},"end":{"line":35,"column":75}},"22":{"start":{"line":35,"column":51},"end":{"line":35,"column":74}},"23":{"start":{"line":36,"column":8},"end":{"line":36,"column":35}},"24":{"start":{"line":37,"column":8},"end":{"line":37,"column":40}},"25":{"start":{"line":40,"column":33},"end":{"line":48,"column":10}},"26":{"start":{"line":41,"column":10},"end":{"line":47,"column":11}},"27":{"start":{"line":42,"column":25},"end":{"line":42,"column":78}},"28":{"start":{"line":43,"column":12},"end":{"line":43,"column":42}},"29":{"start":{"line":45,"column":12},"end":{"line":45,"column":64}},"30":{"start":{"line":46,"column":12},"end":{"line":46,"column":62}},"31":{"start":{"line":50,"column":32},"end":{"line":50,"column":67}},"32":{"start":{"line":51,"column":33},"end":{"line":54,"column":40}},"33":{"start":{"line":52,"column":10},"end":{"line":52,"column":25}},"34":{"start":{"line":53,"column":10},"end":{"line":53,"column":21}},"35":{"start":{"line":56,"column":8},"end":{"line":56,"column":69}},"36":{"start":{"line":56,"column":34},"end":{"line":56,"column":66}},"37":{"start":{"line":58,"column":8},"end":{"line":58,"column":63}},"38":{"start":{"line":60,"column":8},"end":{"line":60,"column":26}},"39":{"start":{"line":64,"column":4},"end":{"line":64,"column":25}},"40":{"start":{"line":65,"column":21},"end":{"line":65,"column":59}},"41":{"start":{"line":66,"column":4},"end":{"line":66,"column":41}},"42":{"start":{"line":66,"column":17},"end":{"line":66,"column":40}},"43":{"start":{"line":69,"column":27},"end":{"line":77,"column":3}},"44":{"start":{"line":70,"column":4},"end":{"line":76,"column":5}},"45":{"start":{"line":71,"column":23},"end":{"line":71,"column":53}},"46":{"start":{"line":72,"column":19},"end":{"line":72,"column":45}},"47":{"start":{"line":73,"column":21},"end":{"line":73,"column":49}},"48":{"start":{"line":74,"column":18},"end":{"line":74,"column":43}},"49":{"start":{"line":75,"column":15},"end":{"line":75,"column":44}},"50":{"start":{"line":79,"column":26},"end":{"line":87,"column":3}},"51":{"start":{"line":80,"column":4},"end":{"line":86,"column":5}},"52":{"start":{"line":81,"column":23},"end":{"line":81,"column":47}},"53":{"start":{"line":82,"column":19},"end":{"line":82,"column":38}},"54":{"start":{"line":83,"column":21},"end":{"line":83,"column":42}},"55":{"start":{"line":84,"column":18},"end":{"line":84,"column":36}},"56":{"start":{"line":85,"column":15},"end":{"line":85,"column":36}},"57":{"start":{"line":89,"column":30},"end":{"line":93,"column":3}},"58":{"start":{"line":90,"column":25},"end":{"line":90,"column":54}},"59":{"start":{"line":91,"column":4},"end":{"line":91,"column":34}},"60":{"start":{"line":92,"column":4},"end":{"line":92,"column":86}},"61":{"start":{"line":95,"column":24},"end":{"line":100,"column":3}},"62":{"start":{"line":96,"column":19},"end":{"line":96,"column":47}},"63":{"start":{"line":96,"column":42},"end":{"line":96,"column":46}},"64":{"start":{"line":97,"column":25},"end":{"line":97,"column":62}},"65":{"start":{"line":98,"column":4},"end":{"line":98,"column":34}},"66":{"start":{"line":99,"column":4},"end":{"line":99,"column":86}},"67":{"start":{"line":102,"column":26},"end":{"line":146,"column":3}},"68":{"start":{"line":103,"column":4},"end":{"line":145,"column":5}},"69":{"start":{"line":105,"column":6},"end":{"line":108,"column":7}},"70":{"start":{"line":106,"column":8},"end":{"line":106,"column":63}},"71":{"start":{"line":107,"column":8},"end":{"line":107,"column":15}},"72":{"start":{"line":109,"column":6},"end":{"line":112,"column":7}},"73":{"start":{"line":110,"column":8},"end":{"line":110,"column":66}},"74":{"start":{"line":111,"column":8},"end":{"line":111,"column":15}},"75":{"start":{"line":115,"column":25},"end":{"line":115,"column":63}},"76":{"start":{"line":116,"column":6},"end":{"line":119,"column":7}},"77":{"start":{"line":117,"column":8},"end":{"line":117,"column":103}},"78":{"start":{"line":118,"column":8},"end":{"line":118,"column":15}},"79":{"start":{"line":122,"column":18},"end":{"line":122,"column":53}},"80":{"start":{"line":125,"column":20},"end":{"line":125,"column":54}},"81":{"start":{"line":126,"column":6},"end":{"line":130,"column":7}},"82":{"start":{"line":127,"column":8},"end":{"line":127,"column":66}},"83":{"start":{"line":128,"column":8},"end":{"line":128,"column":85}},"84":{"start":{"line":129,"column":8},"end":{"line":129,"column":15}},"85":{"start":{"line":133,"column":18},"end":{"line":136,"column":8}},"86":{"start":{"line":139,"column":6},"end":{"line":139,"column":51}},"87":{"start":{"line":140,"column":6},"end":{"line":140,"column":56}},"88":{"start":{"line":142,"column":6},"end":{"line":142,"column":49}},"89":{"start":{"line":143,"column":23},"end":{"line":143,"column":52}},"90":{"start":{"line":144,"column":6},"end":{"line":144,"column":165}},"91":{"start":{"line":148,"column":32},"end":{"line":157,"column":3}},"92":{"start":{"line":149,"column":20},"end":{"line":149,"column":67}},"93":{"start":{"line":150,"column":19},"end":{"line":150,"column":81}},"94":{"start":{"line":151,"column":20},"end":{"line":151,"column":32}},"95":{"start":{"line":152,"column":24},"end":{"line":152,"column":54}},"96":{"start":{"line":153,"column":4},"end":{"line":155,"column":5}},"97":{"start":{"line":153,"column":17},"end":{"line":153,"column":18}},"98":{"start":{"line":154,"column":6},"end":{"line":154,"column":45}},"99":{"start":{"line":156,"column":4},"end":{"line":156,"column":23}},"100":{"start":{"line":159,"column":2},"end":{"line":298,"column":4}},"101":{"start":{"line":162,"column":23},"end":{"line":162,"column":41}},"102":{"start":{"line":176,"column":61},"end":{"line":176,"column":77}},"103":{"start":{"line":226,"column":18},"end":{"line":226,"column":38}},"104":{"start":{"line":229,"column":24},"end":{"line":229,"column":44}},"105":{"start":{"line":230,"column":24},"end":{"line":230,"column":54}},"106":{"start":{"line":301,"column":0},"end":{"line":301,"column":32}}},"fnMap":{"0":{"name":"(anonymous_9)","decl":{"start":{"line":15,"column":18},"end":{"line":15,"column":19}},"loc":{"start":{"line":15,"column":34},"end":{"line":19,"column":1}}},"1":{"name":"(anonymous_10)","decl":{"start":{"line":21,"column":35},"end":{"line":21,"column":38}},"loc":{"start":{"line":21,"column":40},"end":{"line":299,"column":1}}},"2":{"name":"(anonymous_11)","decl":{"start":{"line":29,"column":12},"end":{"line":29,"column":15}},"loc":{"start":{"line":29,"column":17},"end":{"line":67,"column":3}}},"3":{"name":"(anonymous_12)","decl":{"start":{"line":30,"column":31},"end":{"line":30,"column":36}},"loc":{"start":{"line":30,"column":42},"end":{"line":62,"column":5}}},"4":{"name":"(anonymous_13)","decl":{"start":{"line":35,"column":39},"end":{"line":35,"column":40}},"loc":{"start":{"line":35,"column":51},"end":{"line":35,"column":74}}},"5":{"name":"(anonymous_14)","decl":{"start":{"line":40,"column":44},"end":{"line":40,"column":49}},"loc":{"start":{"line":40,"column":65},"end":{"line":48,"column":9}}},"6":{"name":"(anonymous_15)","decl":{"start":{"line":51,"column":56},"end":{"line":51,"column":57}},"loc":{"start":{"line":51,"column":78},"end":{"line":54,"column":9}}},"7":{"name":"(anonymous_16)","decl":{"start":{"line":56,"column":25},"end":{"line":56,"column":29}},"loc":{"start":{"line":56,"column":34},"end":{"line":56,"column":66}}},"8":{"name":"(anonymous_17)","decl":{"start":{"line":66,"column":11},"end":{"line":66,"column":14}},"loc":{"start":{"line":66,"column":17},"end":{"line":66,"column":40}}},"9":{"name":"(anonymous_18)","decl":{"start":{"line":69,"column":27},"end":{"line":69,"column":28}},"loc":{"start":{"line":69,"column":48},"end":{"line":77,"column":3}}},"10":{"name":"(anonymous_19)","decl":{"start":{"line":79,"column":26},"end":{"line":79,"column":27}},"loc":{"start":{"line":79,"column":47},"end":{"line":87,"column":3}}},"11":{"name":"(anonymous_20)","decl":{"start":{"line":89,"column":30},"end":{"line":89,"column":31}},"loc":{"start":{"line":89,"column":45},"end":{"line":93,"column":3}}},"12":{"name":"(anonymous_21)","decl":{"start":{"line":95,"column":24},"end":{"line":95,"column":27}},"loc":{"start":{"line":95,"column":29},"end":{"line":100,"column":3}}},"13":{"name":"(anonymous_22)","decl":{"start":{"line":96,"column":37},"end":{"line":96,"column":38}},"loc":{"start":{"line":96,"column":42},"end":{"line":96,"column":46}}},"14":{"name":"(anonymous_23)","decl":{"start":{"line":102,"column":26},"end":{"line":102,"column":31}},"loc":{"start":{"line":102,"column":37},"end":{"line":146,"column":3}}},"15":{"name":"(anonymous_24)","decl":{"start":{"line":148,"column":32},"end":{"line":148,"column":33}},"loc":{"start":{"line":148,"column":57},"end":{"line":157,"column":3}}},"16":{"name":"(anonymous_25)","decl":{"start":{"line":162,"column":17},"end":{"line":162,"column":20}},"loc":{"start":{"line":162,"column":23},"end":{"line":162,"column":41}}},"17":{"name":"(anonymous_26)","decl":{"start":{"line":176,"column":55},"end":{"line":176,"column":58}},"loc":{"start":{"line":176,"column":61},"end":{"line":176,"column":77}}},"18":{"name":"(anonymous_27)","decl":{"start":{"line":225,"column":34},"end":{"line":225,"column":35}},"loc":{"start":{"line":226,"column":18},"end":{"line":226,"column":38}}},"19":{"name":"(anonymous_28)","decl":{"start":{"line":228,"column":31},"end":{"line":228,"column":32}},"loc":{"start":{"line":228,"column":37},"end":{"line":231,"column":23}}}},"branchMap":{"0":{"loc":{"start":{"line":16,"column":20},"end":{"line":17,"column":59}},"type":"binary-expr","locations":[{"start":{"line":16,"column":21},"end":{"line":16,"column":83}},{"start":{"line":17,"column":8},"end":{"line":17,"column":59}}]},"1":{"loc":{"start":{"line":16,"column":21},"end":{"line":16,"column":83}},"type":"cond-expr","locations":[{"start":{"line":16,"column":53},"end":{"line":16,"column":71}},{"start":{"line":16,"column":74},"end":{"line":16,"column":83}}]},"2":{"loc":{"start":{"line":25,"column":83},"end":{"line":25,"column":137}},"type":"binary-expr","locations":[{"start":{"line":25,"column":83},"end":{"line":25,"column":129}},{"start":{"line":25,"column":133},"end":{"line":25,"column":137}}]},"3":{"loc":{"start":{"line":34,"column":23},"end":{"line":34,"column":40}},"type":"binary-expr","locations":[{"start":{"line":34,"column":23},"end":{"line":34,"column":34}},{"start":{"line":34,"column":38},"end":{"line":34,"column":40}}]},"4":{"loc":{"start":{"line":70,"column":4},"end":{"line":76,"column":5}},"type":"switch","locations":[{"start":{"line":71,"column":6},"end":{"line":71,"column":53}},{"start":{"line":72,"column":6},"end":{"line":72,"column":45}},{"start":{"line":73,"column":6},"end":{"line":73,"column":49}},{"start":{"line":74,"column":6},"end":{"line":74,"column":43}},{"start":{"line":75,"column":6},"end":{"line":75,"column":44}}]},"5":{"loc":{"start":{"line":80,"column":4},"end":{"line":86,"column":5}},"type":"switch","locations":[{"start":{"line":81,"column":6},"end":{"line":81,"column":47}},{"start":{"line":82,"column":6},"end":{"line":82,"column":38}},{"start":{"line":83,"column":6},"end":{"line":83,"column":42}},{"start":{"line":84,"column":6},"end":{"line":84,"column":36}},{"start":{"line":85,"column":6},"end":{"line":85,"column":36}}]},"6":{"loc":{"start":{"line":105,"column":6},"end":{"line":108,"column":7}},"type":"if","locations":[{"start":{"line":105,"column":6},"end":{"line":108,"column":7}}]},"7":{"loc":{"start":{"line":109,"column":6},"end":{"line":112,"column":7}},"type":"if","locations":[{"start":{"line":109,"column":6},"end":{"line":112,"column":7}}]},"8":{"loc":{"start":{"line":116,"column":6},"end":{"line":119,"column":7}},"type":"if","locations":[{"start":{"line":116,"column":6},"end":{"line":119,"column":7}}]},"9":{"loc":{"start":{"line":126,"column":6},"end":{"line":130,"column":7}},"type":"if","locations":[{"start":{"line":126,"column":6},"end":{"line":130,"column":7}}]},"10":{"loc":{"start":{"line":143,"column":23},"end":{"line":143,"column":52}},"type":"binary-expr","locations":[{"start":{"line":143,"column":23},"end":{"line":143,"column":33}},{"start":{"line":143,"column":37},"end":{"line":143,"column":52}}]},"11":{"loc":{"start":{"line":167,"column":9},"end":{"line":170,"column":null}},"type":"binary-expr","locations":[{"start":{"line":167,"column":9},"end":{"line":167,"column":24}},{"start":{"line":168,"column":10},"end":{"line":169,"column":null}}]},"12":{"loc":{"start":{"line":169,"column":13},"end":{"line":169,"column":51}},"type":"cond-expr","locations":[{"start":{"line":169,"column":32},"end":{"line":169,"column":37}},{"start":{"line":169,"column":40},"end":{"line":169,"column":51}}]},"13":{"loc":{"start":{"line":174,"column":7},"end":{"line":295,"column":null}},"type":"binary-expr","locations":[{"start":{"line":174,"column":7},"end":{"line":174,"column":13}},{"start":{"line":175,"column":8},"end":{"line":294,"column":null}}]},"14":{"loc":{"start":{"line":184,"column":42},"end":{"line":184,"column":84}},"type":"cond-expr","locations":[{"start":{"line":184,"column":62},"end":{"line":184,"column":71}},{"start":{"line":184,"column":74},"end":{"line":184,"column":84}}]},"15":{"loc":{"start":{"line":188,"column":19},"end":{"line":194,"column":null}},"type":"binary-expr","locations":[{"start":{"line":188,"column":19},"end":{"line":188,"column":34}},{"start":{"line":189,"column":20},"end":{"line":191,"column":null}}]},"16":{"loc":{"start":{"line":209,"column":15},"end":{"line":278,"column":null}},"type":"cond-expr","locations":[{"start":{"line":210,"column":16},"end":{"line":212,"column":null}},{"start":{"line":214,"column":18},"end":{"line":278,"column":null}}]},"17":{"loc":{"start":{"line":214,"column":18},"end":{"line":278,"column":null}},"type":"cond-expr","locations":[{"start":{"line":215,"column":16},"end":{"line":222,"column":null}},{"start":{"line":225,"column":16},"end":{"line":278,"column":18}}]},"18":{"loc":{"start":{"line":254,"column":38},"end":{"line":254,"column":78}},"type":"binary-expr","locations":[{"start":{"line":254,"column":38},"end":{"line":254,"column":54}},{"start":{"line":254,"column":58},"end":{"line":254,"column":78}}]},"19":{"loc":{"start":{"line":259,"column":27},"end":{"line":259,"column":83}},"type":"binary-expr","locations":[{"start":{"line":259,"column":27},"end":{"line":259,"column":40}},{"start":{"line":259,"column":44},"end":{"line":259,"column":83}}]},"20":{"loc":{"start":{"line":267,"column":27},"end":{"line":267,"column":115}},"type":"binary-expr","locations":[{"start":{"line":267,"column":27},"end":{"line":267,"column":50}},{"start":{"line":267,"column":54},"end":{"line":267,"column":115}}]},"21":{"loc":{"start":{"line":270,"column":25},"end":{"line":273,"column":null}},"type":"binary-expr","locations":[{"start":{"line":270,"column":25},"end":{"line":270,"column":41}},{"start":{"line":271,"column":26},"end":{"line":272,"column":null}}]},"22":{"loc":{"start":{"line":283,"column":13},"end":{"line":292,"column":null}},"type":"binary-expr","locations":[{"start":{"line":283,"column":13},"end":{"line":283,"column":37}},{"start":{"line":284,"column":14},"end":{"line":291,"column":null}}]}},"s":{"0":1,"1":1,"2":1,"3":1,"4":1,"5":1,"6":0,"7":0,"8":1,"9":3,"10":3,"11":3,"12":3,"13":3,"14":3,"15":3,"16":1,"17":1,"18":1,"19":1,"20":1,"21":1,"22":1,"23":1,"24":1,"25":1,"26":1,"27":1,"28":1,"29":0,"30":0,"31":1,"32":1,"33":1,"34":1,"35":1,"36":1,"37":0,"38":1,"39":1,"40":1,"41":1,"42":1,"43":3,"44":2,"45":0,"46":2,"47":0,"48":0,"49":0,"50":3,"51":1,"52":0,"53":1,"54":0,"55":0,"56":0,"57":3,"58":0,"59":0,"60":0,"61":3,"62":0,"63":0,"64":0,"65":0,"66":0,"67":3,"68":0,"69":0,"70":0,"71":0,"72":0,"73":0,"74":0,"75":0,"76":0,"77":0,"78":0,"79":0,"80":0,"81":0,"82":0,"83":0,"84":0,"85":0,"86":0,"87":0,"88":0,"89":0,"90":0,"91":3,"92":0,"93":0,"94":0,"95":0,"96":0,"97":0,"98":0,"99":0,"100":3,"101":1,"102":0,"103":1,"104":0,"105":0,"106":1},"f":{"0":0,"1":3,"2":1,"3":1,"4":1,"5":1,"6":1,"7":1,"8":1,"9":2,"10":1,"11":0,"12":0,"13":0,"14":0,"15":0,"16":1,"17":0,"18":1,"19":0},"b":{"0":[0,0],"1":[0,0],"2":[3,3],"3":[1,0],"4":[0,2,0,0,0],"5":[0,1,0,0,0],"6":[0],"7":[0],"8":[0],"9":[0],"10":[0,0],"11":[3,2],"12":[0,2],"13":[3,1],"14":[1,0],"15":[1,1],"16":[0,1],"17":[0,1],"18":[1,1],"19":[1,1],"20":[1,0],"21":[1,1],"22":[1,1]}}
,"C:\\Users\\johna\\Desktop\\Pictures\\CAPSTONEPROJECT\\SSDFLOODSENSEFLOODPREDICTION\\frontend\\src\\components\\ProtectedRoute.tsx": {"path":"C:\\Users\\johna\\Desktop\\Pictures\\CAPSTONEPROJECT\\SSDFLOODSENSEFLOODPREDICTION\\frontend\\src\\components\\ProtectedRoute.tsx","statementMap":{"0":{"start":{"line":1,"column":0},"end":{"line":1,"column":26}},"1":{"start":{"line":2,"column":0},"end":{"line":2,"column":37}},"2":{"start":{"line":10,"column":54},"end":{"line":69,"column":1}},"3":{"start":{"line":11,"column":16},"end":{"line":11,"column":45}},"4":{"start":{"line":12,"column":19},"end":{"line":12,"column":51}},"5":{"start":{"line":14,"column":2},"end":{"line":30,"column":3}},"6":{"start":{"line":15,"column":4},"end":{"line":29,"column":6}},"7":{"start":{"line":22,"column":27},"end":{"line":22,"column":58}},"8":{"start":{"line":32,"column":2},"end":{"line":48,"column":3}},"9":{"start":{"line":33,"column":4},"end":{"line":47,"column":6}},"10":{"start":{"line":40,"column":27},"end":{"line":40,"column":53}},"11":{"start":{"line":50,"column":2},"end":{"line":66,"column":3}},"12":{"start":{"line":51,"column":4},"end":{"line":65,"column":6}},"13":{"start":{"line":58,"column":27},"end":{"line":58,"column":53}},"14":{"start":{"line":68,"column":2},"end":{"line":68,"column":25}},"15":{"start":{"line":71,"column":0},"end":{"line":71,"column":30}}},"fnMap":{"0":{"name":"(anonymous_1)","decl":{"start":{"line":10,"column":54},"end":{"line":10,"column":55}},"loc":{"start":{"line":10,"column":99},"end":{"line":69,"column":1}}},"1":{"name":"(anonymous_2)","decl":{"start":{"line":22,"column":21},"end":{"line":22,"column":24}},"loc":{"start":{"line":22,"column":27},"end":{"line":22,"column":58}}},"2":{"name":"(anonymous_3)","decl":{"start":{"line":40,"column":21},"end":{"line":40,"column":24}},"loc":{"start":{"line":40,"column":27},"end":{"line":40,"column":53}}},"3":{"name":"(anonymous_4)","decl":{"start":{"line":58,"column":21},"end":{"line":58,"column":24}},"loc":{"start":{"line":58,"column":27},"end":{"line":58,"column":53}}}},"branchMap":{"0":{"loc":{"start":{"line":14,"column":2},"end":{"line":30,"column":3}},"type":"if","locations":[{"start":{"line":14,"column":2},"end":{"line":30,"column":3}}]},"1":{"loc":{"start":{"line":32,"column":2},"end":{"line":48,"column":3}},"type":"if","locations":[{"start":{"line":32,"column":2},"end":{"line":48,"column":3}}]},"2":{"loc":{"start":{"line":32,"column":6},"end":{"line":32,"column":71}},"type":"binary-expr","locations":[{"start":{"line":32,"column":6},"end":{"line":32,"column":18}},{"start":{"line":32,"column":22},"end":{"line":32,"column":47}},{"start":{"line":32,"column":51},"end":{"line":32,"column":71}}]},"3":{"loc":{"start":{"line":50,"column":2},"end":{"line":66,"column":3}},"type":"if","locations":[{"start":{"line":50,"column":2},"end":{"line":66,"column":3}}]},"4":{"loc":{"start":{"line":50,"column":6},"end":{"line":50,"column":42}},"type":"binary-expr","locations":[{"start":{"line":50,"column":6},"end":{"line":50,"column":18}},{"start":{"line":50,"column":22},"end":{"line":50,"column":42}}]}},"s":{"0":1,"1":1,"2":1,"3":3,"4":3,"5":3,"6":1,"7":0,"8":2,"9":1,"10":0,"11":1,"12":0,"13":0,"14":1,"15":1},"f":{"0":3,"1":0,"2":0,"3":0},"b":{"0":[1],"1":[1],"2":[2,1,1],"3":[0],"4":[1,1]}}
,"C:\\Users\\johna\\Desktop\\Pictures\\CAPSTONEPROJECT\\SSDFLOODSENSEFLOODPREDICTION\\frontend\\src\\i18n\\LanguageContext.tsx": {"path":"C:\\Users\\johna\\Desktop\\Pictures\\CAPSTONEPROJECT\\SSDFLOODSENSEFLOODPREDICTION\\frontend\\src\\i18n\\LanguageContext.tsx","statementMap":{"0":{"start":{"line":1,"column":0},"end":{"line":1,"column":78}},"1":{"start":{"line":2,"column":0},"end":{"line":2,"column":56}},"2":{"start":{"line":10,"column":24},"end":{"line":10,"column":81}},"3":{"start":{"line":12,"column":67},"end":{"line":34,"column":1}},"4":{"start":{"line":13,"column":34},"end":{"line":16,"column":4}},"5":{"start":{"line":14,"column":18},"end":{"line":14,"column":50}},"6":{"start":{"line":15,"column":4},"end":{"line":15,"column":39}},"7":{"start":{"line":18,"column":28},"end":{"line":23,"column":3}},"8":{"start":{"line":19,"column":4},"end":{"line":19,"column":22}},"9":{"start":{"line":20,"column":4},"end":{"line":20,"column":43}},"10":{"start":{"line":21,"column":4},"end":{"line":21,"column":41}},"11":{"start":{"line":22,"column":4},"end":{"line":22,"column":65}},"12":{"start":{"line":25,"column":12},"end":{"line":27,"column":3}},"13":{"start":{"line":26,"column":4},"end":{"line":26,"column":70}},"14":{"start":{"line":29,"column":2},"end":{"line":33,"column":4}},"15":{"start":{"line":12,"column":13},"end":{"line":12,"column":67}},"16":{"start":{"line":36,"column":27},"end":{"line":40,"column":1}},"17":{"start":{"line":37,"column":18},"end":{"line":37,"column":45}},"18":{"start":{"line":38,"column":2},"end":{"line":38,"column":84}},"19":{"start":{"line":38,"column":16},"end":{"line":38,"column":84}},"20":{"start":{"line":39,"column":2},"end":{"line":39,"column":17}},"21":{"start":{"line":36,"column":13},"end":{"line":36,"column":27}}},"fnMap":{"0":{"name":"(anonymous_9)","decl":{"start":{"line":12,"column":67},"end":{"line":12,"column":68}},"loc":{"start":{"line":12,"column":84},"end":{"line":34,"column":1}}},"1":{"name":"(anonymous_10)","decl":{"start":{"line":13,"column":53},"end":{"line":13,"column":56}},"loc":{"start":{"line":13,"column":58},"end":{"line":16,"column":3}}},"2":{"name":"(anonymous_11)","decl":{"start":{"line":18,"column":28},"end":{"line":18,"column":29}},"loc":{"start":{"line":18,"column":47},"end":{"line":23,"column":3}}},"3":{"name":"(anonymous_12)","decl":{"start":{"line":25,"column":12},"end":{"line":25,"column":13}},"loc":{"start":{"line":25,"column":58},"end":{"line":27,"column":3}}},"4":{"name":"(anonymous_13)","decl":{"start":{"line":36,"column":27},"end":{"line":36,"column":30}},"loc":{"start":{"line":36,"column":32},"end":{"line":40,"column":1}}}},"branchMap":{"0":{"loc":{"start":{"line":15,"column":12},"end":{"line":15,"column":38}},"type":"binary-expr","locations":[{"start":{"line":15,"column":12},"end":{"line":15,"column":30}},{"start":{"line":15,"column":34},"end":{"line":15,"column":38}}]},"1":{"loc":{"start":{"line":22,"column":35},"end":{"line":22,"column":64}},"type":"cond-expr","locations":[{"start":{"line":22,"column":51},"end":{"line":22,"column":56}},{"start":{"line":22,"column":59},"end":{"line":22,"column":64}}]},"2":{"loc":{"start":{"line":26,"column":11},"end":{"line":26,"column":69}},"type":"binary-expr","locations":[{"start":{"line":26,"column":11},"end":{"line":26,"column":38}},{"start":{"line":26,"column":42},"end":{"line":26,"column":62}},{"start":{"line":26,"column":66},"end":{"line":26,"column":69}}]},"3":{"loc":{"start":{"line":38,"column":2},"end":{"line":38,"column":84}},"type":"if","locations":[{"start":{"line":38,"column":2},"end":{"line":38,"column":84}}]}},"s":{"0":1,"1":1,"2":1,"3":1,"4":3,"5":2,"6":2,"7":3,"8":1,"9":1,"10":1,"11":1,"12":3,"13":0,"14":3,"15":1,"16":1,"17":5,"18":5,"19":0,"20":5,"21":1},"f":{"0":3,"1":2,"2":1,"3":0,"4":5},"b":{"0":[2,2],"1":[0,1],"2":[0,0,0],"3":[0]}}
,"C:\\Users\\johna\\Desktop\\Pictures\\CAPSTONEPROJECT\\SSDFLOODSENSEFLOODPREDICTION\\frontend\\src\\i18n\\translations.ts": {"path":"C:\\Users\\johna\\Desktop\\Pictures\\CAPSTONEPROJECT\\SSDFLOODSENSEFLOODPREDICTION\\frontend\\src\\i18n\\translations.ts","statementMap":{"0":{"start":{"line":1,"column":13},"end":{"line":92,"column":2}}},"fnMap":{},"branchMap":{},"s":{"0":1},"f":{},"b":{}}
}
