TN:
SF:src\components\Icons.tsx
FN:3,(anonymous_0)
FN:9,(anonymous_1)
FN:15,(anonymous_2)
FN:21,(anonymous_3)
FN:27,(anonymous_4)
FN:33,(anonymous_5)
FN:39,(anonymous_6)
FN:45,(anonymous_7)
FN:51,(anonymous_8)
FN:57,(anonymous_9)
FN:63,(anonymous_10)
FN:69,(anonymous_11)
FN:73,(anonymous_12)
FNF:13
FNH:2
FNDA:0,(anonymous_0)
FNDA:3,(anonymous_1)
FNDA:2,(anonymous_2)
FNDA:0,(anonymous_3)
FNDA:0,(anonymous_4)
FNDA:0,(anonymous_5)
FNDA:0,(anonymous_6)
FNDA:0,(anonymous_7)
FNDA:0,(anonymous_8)
FNDA:0,(anonymous_9)
FNDA:0,(anonymous_10)
FNDA:0,(anonymous_11)
FNDA:0,(anonymous_12)
DA:3,2
DA:4,0
DA:9,2
DA:10,3
DA:15,2
DA:16,2
DA:21,2
DA:22,0
DA:27,2
DA:28,0
DA:33,2
DA:34,0
DA:39,2
DA:40,0
DA:45,2
DA:46,0
DA:51,2
DA:52,0
DA:57,2
DA:58,0
DA:63,2
DA:64,0
DA:69,2
DA:70,0
DA:73,2
DA:74,0
LF:26
LH:15
BRDA:3,0,0,0
BRDA:9,1,0,0
BRDA:15,2,0,0
BRDA:21,3,0,0
BRDA:27,4,0,0
BRDA:33,5,0,0
BRDA:39,6,0,0
BRDA:45,7,0,0
BRDA:51,8,0,0
BRDA:57,9,0,0
BRDA:63,10,0,0
BRDA:69,11,0,0
BRDA:73,12,0,0
BRF:13
BRH:0
end_of_record
TN:
SF:src\components\LanguageSwitcher.tsx
FN:5,(anonymous_9)
FN:15,(anonymous_10)
FN:20,(anonymous_11)
FN:32,(anonymous_12)
FN:35,(anonymous_13)
FNF:5
FNH:5
FNDA:5,(anonymous_9)
FNDA:7,(anonymous_10)
FNDA:2,(anonymous_11)
FNDA:6,(anonymous_12)
FNDA:1,(anonymous_13)
DA:1,1
DA:2,1
DA:5,1
DA:6,5
DA:7,5
DA:9,5
DA:15,7
DA:17,5
DA:20,2
DA:33,6
DA:35,1
DA:55,1
LF:12
LH:12
BRDA:15,0,0,5
BRDA:15,0,1,0
BRDA:25,1,0,2
BRDA:25,1,1,3
BRDA:30,2,0,5
BRDA:30,2,1,2
BRDA:37,3,0,2
BRDA:37,3,1,4
BRDA:42,4,0,6
BRDA:42,4,1,2
BRF:10
BRH:9
end_of_record
TN:
SF:src\components\NotificationBell.tsx
FN:15,(anonymous_9)
FN:21,(anonymous_10)
FN:29,(anonymous_11)
FN:30,(anonymous_12)
FN:35,(anonymous_13)
FN:40,(anonymous_14)
FN:51,(anonymous_15)
FN:56,(anonymous_16)
FN:66,(anonymous_17)
FN:69,(anonymous_18)
FN:79,(anonymous_19)
FN:89,(anonymous_20)
FN:95,(anonymous_21)
FN:96,(anonymous_22)
FN:102,(anonymous_23)
FN:148,(anonymous_24)
FN:162,(anonymous_25)
FN:176,(anonymous_26)
FN:225,(anonymous_27)
FN:228,(anonymous_28)
FNF:20
FNH:12
FNDA:0,(anonymous_9)
FNDA:3,(anonymous_10)
FNDA:1,(anonymous_11)
FNDA:1,(anonymous_12)
FNDA:1,(anonymous_13)
FNDA:1,(anonymous_14)
FNDA:1,(anonymous_15)
FNDA:1,(anonymous_16)
FNDA:1,(anonymous_17)
FNDA:2,(anonymous_18)
FNDA:1,(anonymous_19)
FNDA:0,(anonymous_20)
FNDA:0,(anonymous_21)
FNDA:0,(anonymous_22)
FNDA:0,(anonymous_23)
FNDA:0,(anonymous_24)
FNDA:1,(anonymous_25)
FNDA:0,(anonymous_26)
FNDA:1,(anonymous_27)
FNDA:0,(anonymous_28)
DA:1,1
DA:2,1
DA:3,1
DA:4,1
DA:5,1
DA:15,1
DA:16,0
DA:18,0
DA:21,1
DA:22,3
DA:23,3
DA:24,3
DA:25,3
DA:26,3
DA:27,3
DA:29,3
DA:30,1
DA:31,1
DA:32,1
DA:33,1
DA:34,1
DA:35,1
DA:36,1
DA:37,1
DA:40,1
DA:41,1
DA:42,1
DA:43,1
DA:45,0
DA:46,0
DA:50,1
DA:51,1
DA:52,1
DA:53,1
DA:56,1
DA:58,0
DA:60,1
DA:64,1
DA:65,1
DA:66,1
DA:69,3
DA:70,2
DA:71,0
DA:72,2
DA:73,0
DA:74,0
DA:75,0
DA:79,3
DA:80,1
DA:81,0
DA:82,1
DA:83,0
DA:84,0
DA:85,0
DA:89,3
DA:90,0
DA:91,0
DA:92,0
DA:95,3
DA:96,0
DA:97,0
DA:98,0
DA:99,0
DA:102,3
DA:103,0
DA:105,0
DA:106,0
DA:107,0
DA:109,0
DA:110,0
DA:111,0
DA:115,0
DA:116,0
DA:117,0
DA:118,0
DA:122,0
DA:125,0
DA:126,0
DA:127,0
DA:128,0
DA:129,0
DA:133,0
DA:139,0
DA:140,0
DA:142,0
DA:143,0
DA:144,0
DA:148,3
DA:149,0
DA:150,0
DA:151,0
DA:152,0
DA:153,0
DA:154,0
DA:156,0
DA:159,3
DA:162,1
DA:176,0
DA:226,1
DA:229,0
DA:230,0
DA:301,1
LF:102
LH:49
BRDA:16,0,0,0
BRDA:16,0,1,0
BRDA:16,1,0,0
BRDA:16,1,1,0
BRDA:25,2,0,3
BRDA:25,2,1,3
BRDA:34,3,0,1
BRDA:34,3,1,0
BRDA:70,4,0,0
BRDA:70,4,1,2
BRDA:70,4,2,0
BRDA:70,4,3,0
BRDA:70,4,4,0
BRDA:80,5,0,0
BRDA:80,5,1,1
BRDA:80,5,2,0
BRDA:80,5,3,0
BRDA:80,5,4,0
BRDA:105,6,0,0
BRDA:109,7,0,0
BRDA:116,8,0,0
BRDA:126,9,0,0
BRDA:143,10,0,0
BRDA:143,10,1,0
BRDA:167,11,0,3
BRDA:167,11,1,2
BRDA:169,12,0,0
BRDA:169,12,1,2
BRDA:174,13,0,3
BRDA:174,13,1,1
BRDA:184,14,0,1
BRDA:184,14,1,0
BRDA:188,15,0,1
BRDA:188,15,1,1
BRDA:209,16,0,0
BRDA:209,16,1,1
BRDA:214,17,0,0
BRDA:214,17,1,1
BRDA:254,18,0,1
BRDA:254,18,1,1
BRDA:259,19,0,1
BRDA:259,19,1,1
BRDA:267,20,0,1
BRDA:267,20,1,0
BRDA:270,21,0,1
BRDA:270,21,1,1
BRDA:283,22,0,1
BRDA:283,22,1,1
BRF:48
BRH:24
end_of_record
TN:
SF:src\components\ProtectedRoute.tsx
FN:10,(anonymous_1)
FN:22,(anonymous_2)
FN:40,(anonymous_3)
FN:58,(anonymous_4)
FNF:4
FNH:1
FNDA:3,(anonymous_1)
FNDA:0,(anonymous_2)
FNDA:0,(anonymous_3)
FNDA:0,(anonymous_4)
DA:1,1
DA:2,1
DA:10,1
DA:11,3
DA:12,3
DA:14,3
DA:15,1
DA:22,0
DA:32,2
DA:33,1
DA:40,0
DA:50,1
DA:51,0
DA:58,0
DA:68,1
DA:71,1
LF:16
LH:12
BRDA:14,0,0,1
BRDA:32,1,0,1
BRDA:32,2,0,2
BRDA:32,2,1,1
BRDA:32,2,2,1
BRDA:50,3,0,0
BRDA:50,4,0,1
BRDA:50,4,1,1
BRF:8
BRH:7
end_of_record
TN:
SF:src\i18n\LanguageContext.tsx
FN:12,(anonymous_9)
FN:13,(anonymous_10)
FN:18,(anonymous_11)
FN:25,(anonymous_12)
FN:36,(anonymous_13)
FNF:5
FNH:4
FNDA:3,(anonymous_9)
FNDA:2,(anonymous_10)
FNDA:1,(anonymous_11)
FNDA:0,(anonymous_12)
FNDA:5,(anonymous_13)
DA:1,1
DA:2,1
DA:10,1
DA:12,1
DA:13,3
DA:14,2
DA:15,2
DA:18,3
DA:19,1
DA:20,1
DA:21,1
DA:22,1
DA:25,3
DA:26,0
DA:29,3
DA:36,1
DA:37,5
DA:38,5
DA:39,5
LF:19
LH:18
BRDA:15,0,0,2
BRDA:15,0,1,2
BRDA:22,1,0,0
BRDA:22,1,1,1
BRDA:26,2,0,0
BRDA:26,2,1,0
BRDA:26,2,2,0
BRDA:38,3,0,0
BRF:8
BRH:3
end_of_record
TN:
SF:src\i18n\translations.ts
FNF:0
FNH:0
DA:1,1
LF:1
LH:1
BRF:0
BRH:0
end_of_record
